# JRE version: 7.0_17-b02
# Java VM: Java HotSpot(TM) Client VM (23.7-b01 mixed mode windows-x86 )
Heap
 def new generation   total 8320K, used 2074K [0x04420000, 0x04d20000, 0x09970000)
  eden space 7424K,  27% used [0x04420000, 0x04626958, 0x04b60000)
  from space 896K,   0% used [0x04b60000, 0x04b60000, 0x04c40000)
  to   space 896K,   0% used [0x04c40000, 0x04c40000, 0x04d20000)
 tenured generation   total 18388K, used 11032K [0x09970000, 0x0ab65000, 0x14420000)
   the space 18388K,  59% used [0x09970000, 0x0a436100, 0x0a436200, 0x0ab65000)
 compacting perm gen  total 14592K, used 14344K [0x14420000, 0x15260000, 0x18420000)
   the space 14592K,  98% used [0x14420000, 0x15222260, 0x15222400, 0x15260000)
GC Heap History (10 events):
Event: 3.332 GC heap before
{Heap before GC invocations=9 (full 0):
 def new generation   total 4928K, used 4928K [0x04420000, 0x04970000, 0x09970000)
  eden space 4416K, 100% used [0x04420000, 0x04870000, 0x04870000)
  from space 512K, 100% used [0x048f0000, 0x04970000, 0x04970000)
  to   space 512K,   0% used [0x04870000, 0x04870000, 0x048f0000)
 tenured generation   total 10944K, used 6313K [0x09970000, 0x0a420000, 0x14420000)
   the space 10944K,  57% used [0x09970000, 0x09f9a6c8, 0x09f9a800, 0x0a420000)
 compacting perm gen  total 12544K, used 12517K [0x14420000, 0x15060000, 0x18420000)
   the space 12544K,  99% used [0x14420000, 0x15059608, 0x15059800, 0x15060000)
No shared spaces configured.
Event: 3.337 GC heap after
Heap after GC invocations=10 (full 0):
 def new generation   total 4928K, used 398K [0x04420000, 0x04970000, 0x09970000)
  eden space 4416K,   0% used [0x04420000, 0x04420000, 0x04870000)
  from space 512K,  77% used [0x04870000, 0x048d3ad0, 0x048f0000)
  to   space 512K,   0% used [0x048f0000, 0x048f0000, 0x04970000)
 tenured generation   total 10944K, used 6785K [0x09970000, 0x0a420000, 0x14420000)
   the space 10944K,  62% used [0x09970000, 0x0a010540, 0x0a010600, 0x0a420000)
 compacting perm gen  total 12544K, used 12517K [0x14420000, 0x15060000, 0x18420000)
   the space 12544K,  99% used [0x14420000, 0x15059608, 0x15059800, 0x15060000)
No shared spaces configured.
}
Event: 3.403 GC heap before
{Heap before GC invocations=10 (full 0):
 def new generation   total 4928K, used 4797K [0x04420000, 0x04970000, 0x09970000)
  eden space 4416K,  99% used [0x04420000, 0x0486bc28, 0x04870000)
  from space 512K,  77% used [0x04870000, 0x048d3ad0, 0x048f0000)
  to   space 512K,   0% used [0x048f0000, 0x048f0000, 0x04970000)
 tenured generation   total 10944K, used 6785K [0x09970000, 0x0a420000, 0x14420000)
   the space 10944K,  62% used [0x09970000, 0x0a010540, 0x0a010600, 0x0a420000)
 compacting perm gen  total 13312K, used 13218K [0x14420000, 0x15120000, 0x18420000)
   the space 13312K,  99% used [0x14420000, 0x15108b38, 0x15108c00, 0x15120000)
No shared spaces configured.
Event: 3.407 GC heap after
Heap after GC invocations=11 (full 0):
 def new generation   total 4928K, used 411K [0x04420000, 0x04970000, 0x09970000)
  eden space 4416K,   0% used [0x04420000, 0x04420000, 0x04870000)
  from space 512K,  80% used [0x048f0000, 0x04956e38, 0x04970000)
  to   space 512K,   0% used [0x04870000, 0x04870000, 0x048f0000)
 tenured generation   total 10944K, used 6983K [0x09970000, 0x0a420000, 0x14420000)
   the space 10944K,  63% used [0x09970000, 0x0a041d48, 0x0a041e00, 0x0a420000)
 compacting perm gen  total 13312K, used 13218K [0x14420000, 0x15120000, 0x18420000)
   the space 13312K,  99% used [0x14420000, 0x15108b38, 0x15108c00, 0x15120000)
No shared spaces configured.
}
Event: 3.517 GC heap before
{Heap before GC invocations=11 (full 0):
 def new generation   total 4928K, used 4827K [0x04420000, 0x04970000, 0x09970000)
  eden space 4416K, 100% used [0x04420000, 0x04870000, 0x04870000)
  from space 512K,  80% used [0x048f0000, 0x04956e38, 0x04970000)
  to   space 512K,   0% used [0x04870000, 0x04870000, 0x048f0000)
 tenured generation   total 10944K, used 6983K [0x09970000, 0x0a420000, 0x14420000)
   the space 10944K,  63% used [0x09970000, 0x0a041d48, 0x0a041e00, 0x0a420000)
 compacting perm gen  total 14080K, used 13886K [0x14420000, 0x151e0000, 0x18420000)
   the space 14080K,  98% used [0x14420000, 0x151afa10, 0x151afc00, 0x151e0000)
No shared spaces configured.
Event: 3.525 GC heap after
Heap after GC invocations=12 (full 0):
 def new generation   total 4928K, used 512K [0x04420000, 0x04970000, 0x09970000)
  eden space 4416K,   0% used [0x04420000, 0x04420000, 0x04870000)
  from space 512K, 100% used [0x04870000, 0x048f0000, 0x048f0000)
  to   space 512K,   0% used [0x048f0000, 0x048f0000, 0x04970000)
 tenured generation   total 10944K, used 7986K [0x09970000, 0x0a420000, 0x14420000)
   the space 10944K,  72% used [0x09970000, 0x0a13cb18, 0x0a13cc00, 0x0a420000)
 compacting perm gen  total 14080K, used 13886K [0x14420000, 0x151e0000, 0x18420000)
   the space 14080K,  98% used [0x14420000, 0x151afa10, 0x151afc00, 0x151e0000)
No shared spaces configured.
}
Event: 3.621 GC heap before
{Heap before GC invocations=12 (full 0):
 def new generation   total 4928K, used 3684K [0x04420000, 0x04970000, 0x09970000)
  eden space 4416K,  71% used [0x04420000, 0x047391c8, 0x04870000)
  from space 512K, 100% used [0x04870000, 0x048f0000, 0x048f0000)
  to   space 512K,   0% used [0x048f0000, 0x048f0000, 0x04970000)
 tenured generation   total 10944K, used 7986K [0x09970000, 0x0a420000, 0x14420000)
   the space 10944K,  72% used [0x09970000, 0x0a13cb18, 0x0a13cc00, 0x0a420000)
 compacting perm gen  total 14080K, used 13980K [0x14420000, 0x151e0000, 0x18420000)
   the space 14080K,  99% used [0x14420000, 0x151c7348, 0x151c7400, 0x151e0000)
No shared spaces configured.
Event: 3.630 GC heap after
Heap after GC invocations=13 (full 0):
 def new generation   total 4928K, used 512K [0x04420000, 0x04970000, 0x09970000)
  eden space 4416K,   0% used [0x04420000, 0x04420000, 0x04870000)
  from space 512K, 100% used [0x048f0000, 0x04970000, 0x04970000)
  to   space 512K,   0% used [0x04870000, 0x04870000, 0x048f0000)
 tenured generation   total 10944K, used 10139K [0x09970000, 0x0a420000, 0x14420000)
   the space 10944K,  92% used [0x09970000, 0x0a356d48, 0x0a356e00, 0x0a420000)
 compacting perm gen  total 14080K, used 13980K [0x14420000, 0x151e0000, 0x18420000)
   the space 14080K,  99% used [0x14420000, 0x151c7348, 0x151c7400, 0x151e0000)
No shared spaces configured.
}
Event: 6.228 GC heap before
{Heap before GC invocations=13 (full 0):
 def new generation   total 4928K, used 4928K [0x04420000, 0x04970000, 0x09970000)
  eden space 4416K, 100% used [0x04420000, 0x04870000, 0x04870000)
  from space 512K, 100% used [0x048f0000, 0x04970000, 0x04970000)
  to   space 512K,   0% used [0x04870000, 0x04870000, 0x048f0000)
 tenured generation   total 10944K, used 10139K [0x09970000, 0x0a420000, 0x14420000)
   the space 10944K,  92% used [0x09970000, 0x0a356d48, 0x0a356e00, 0x0a420000)
 compacting perm gen  total 14336K, used 14256K [0x14420000, 0x15220000, 0x18420000)
   the space 14336K,  99% used [0x14420000, 0x1520c258, 0x1520c400, 0x15220000)
No shared spaces configured.
Event: 6.282 GC heap after
Heap after GC invocations=14 (full 1):
 def new generation   total 8320K, used 0K [0x04420000, 0x04d20000, 0x09970000)
  eden space 7424K,   0% used [0x04420000, 0x04420000, 0x04b60000)
  from space 896K,   0% used [0x04b60000, 0x04b60000, 0x04c40000)
  to   space 896K,   0% used [0x04c40000, 0x04c40000, 0x04d20000)
 tenured generation   total 18388K, used 11032K [0x09970000, 0x0ab65000, 0x14420000)
   the space 18388K,  59% used [0x09970000, 0x0a436100, 0x0a436200, 0x0ab65000)
 compacting perm gen  total 14336K, used 14256K [0x14420000, 0x15220000, 0x18420000)
   the space 14336K,  99% used [0x14420000, 0x1520c258, 0x1520c400, 0x15220000)
No shared spaces configured.
}

